[Running] python -u "d:\UGM\TA\AdaptiveQoS\main-rl.py"
WSN Environment Initialized.
State Dimension : 7  (termasuk EDF)
Action Dimension: 15
EDF Strategy    : curriculum
Training for 1000 episodes...

Ep   10/1000 | Reward:  625.91 | QoS: 0.882 | Drops: 162 | PSR: 0.8380 | Steps: 1000 | Retries: 1864 | eps: 0.970 | EDF: 0.09
Ep   20/1000 | Reward:  599.27 | QoS: 0.868 | Drops: 182 | PSR: 0.8180 | Steps: 1000 | Retries: 1998 | eps: 0.942 | EDF: 0.03
Ep   30/1000 | Reward:  568.66 | QoS: 0.874 | Drops: 173 | PSR: 0.8270 | Steps: 1000 | Retries: 2149 | eps: 0.914 | EDF: 0.22
Ep   40/1000 | Reward:  621.98 | QoS: 0.889 | Drops: 152 | PSR: 0.8480 | Steps: 1000 | Retries: 1883 | eps: 0.887 | EDF: 0.14
Ep   50/1000 | Reward:  634.74 | QoS: 0.890 | Drops: 150 | PSR: 0.8500 | Steps: 1000 | Retries: 1819 | eps: 0.861 | EDF: 0.16
Ep   60/1000 | Reward:  629.36 | QoS: 0.898 | Drops: 139 | PSR: 0.8610 | Steps: 1000 | Retries: 1845 | eps: 0.835 | EDF: 0.23
Ep   70/1000 | Reward:  633.37 | QoS: 0.889 | Drops: 152 | PSR: 0.8480 | Steps: 1000 | Retries: 1826 | eps: 0.810 | EDF: 0.13
Ep   80/1000 | Reward:  643.26 | QoS: 0.907 | Drops: 126 | PSR: 0.8740 | Steps: 1000 | Retries: 1775 | eps: 0.786 | EDF: 0.27
Ep   90/1000 | Reward:  601.29 | QoS: 0.879 | Drops: 165 | PSR: 0.8350 | Steps: 1000 | Retries: 1986 | eps: 0.763 | EDF: 0.17
Ep  100/1000 | Reward:  715.08 | QoS: 0.915 | Drops: 115 | PSR: 0.8850 | Steps: 1000 | Retries: 1417 | eps: 0.740 | EDF: 0.13
Ep  110/1000 | Reward:  695.14 | QoS: 0.903 | Drops: 133 | PSR: 0.8670 | Steps: 1000 | Retries: 1518 | eps: 0.719 | EDF: 0.00
Ep  120/1000 | Reward:  709.37 | QoS: 0.921 | Drops: 107 | PSR: 0.8930 | Steps: 1000 | Retries: 1445 | eps: 0.697 | EDF: 0.20
Ep  130/1000 | Reward:  655.57 | QoS: 0.911 | Drops: 121 | PSR: 0.8790 | Steps: 1000 | Retries: 1713 | eps: 0.677 | EDF: 0.25
Ep  140/1000 | Reward:  772.80 | QoS: 0.933 | Drops:  91 | PSR: 0.9090 | Steps: 1000 | Retries: 1129 | eps: 0.657 | EDF: 0.01
Ep  150/1000 | Reward:  767.19 | QoS: 0.931 | Drops:  93 | PSR: 0.9070 | Steps: 1000 | Retries: 1157 | eps: 0.637 | EDF: 0.06
Ep  160/1000 | Reward:  721.23 | QoS: 0.914 | Drops: 117 | PSR: 0.8830 | Steps: 1000 | Retries: 1387 | eps: 0.618 | EDF: 0.08
Ep  170/1000 | Reward:  739.88 | QoS: 0.928 | Drops:  98 | PSR: 0.9020 | Steps: 1000 | Retries: 1293 | eps: 0.600 | EDF: 0.15
Ep  180/1000 | Reward:  725.77 | QoS: 0.916 | Drops: 115 | PSR: 0.8850 | Steps: 1000 | Retries: 1364 | eps: 0.582 | EDF: 0.07
Ep  190/1000 | Reward:  699.03 | QoS: 0.922 | Drops: 106 | PSR: 0.8940 | Steps: 1000 | Retries: 1496 | eps: 0.565 | EDF: 0.22
Ep  200/1000 | Reward:  766.97 | QoS: 0.931 | Drops:  94 | PSR: 0.9060 | Steps: 1000 | Retries: 1158 | eps: 0.548 | EDF: 0.09
Ep  210/1000 | Reward:  771.32 | QoS: 0.934 | Drops:  89 | PSR: 0.9110 | Steps: 1000 | Retries: 1136 | eps: 0.532 | EDF: 0.10
Ep  220/1000 | Reward:  772.47 | QoS: 0.938 | Drops:  83 | PSR: 0.9170 | Steps: 1000 | Retries: 1130 | eps: 0.516 | EDF: 0.12
Ep  230/1000 | Reward:  771.22 | QoS: 0.930 | Drops:  95 | PSR: 0.9050 | Steps: 1000 | Retries: 1137 | eps: 0.501 | EDF: 0.03
Ep  240/1000 | Reward:  737.45 | QoS: 0.916 | Drops: 115 | PSR: 0.8850 | Steps: 1000 | Retries: 1306 | eps: 0.486 | EDF: 0.02
Ep  250/1000 | Reward:  767.50 | QoS: 0.941 | Drops:  79 | PSR: 0.9210 | Steps: 1000 | Retries: 1154 | eps: 0.472 | EDF: 0.19
Ep  260/1000 | Reward:  744.32 | QoS: 0.933 | Drops:  90 | PSR: 0.9100 | Steps: 1000 | Retries: 1270 | eps: 0.458 | EDF: 0.19
Ep  270/1000 | Reward:  747.17 | QoS: 0.945 | Drops:  74 | PSR: 0.9260 | Steps: 1000 | Retries: 1255 | eps: 0.444 | EDF: 0.26
Ep  280/1000 | Reward:  798.08 | QoS: 0.941 | Drops:  79 | PSR: 0.9210 | Steps: 1000 | Retries: 1002 | eps: 0.431 | EDF: 0.09
Ep  290/1000 | Reward:  808.21 | QoS: 0.945 | Drops:  74 | PSR: 0.9260 | Steps: 1000 | Retries: 952 | eps: 0.418 | EDF: 0.07
Ep  300/1000 | Reward:  783.49 | QoS: 0.946 | Drops:  73 | PSR: 0.9270 | Steps: 1000 | Retries: 1074 | eps: 0.406 | EDF: 0.17
Ep  310/1000 | Reward:  763.40 | QoS: 0.943 | Drops:  76 | PSR: 0.9240 | Steps: 1000 | Retries: 1174 | eps: 0.394 | EDF: 0.25
Ep  320/1000 | Reward:  809.70 | QoS: 0.948 | Drops:  70 | PSR: 0.9300 | Steps: 1000 | Retries: 944 | eps: 0.382 | EDF: 0.07
Ep  330/1000 | Reward:  759.84 | QoS: 0.950 | Drops:  66 | PSR: 0.9340 | Steps: 1000 | Retries: 1191 | eps: 0.371 | EDF: 0.28
Ep  340/1000 | Reward:  667.25 | QoS: 0.941 | Drops:  77 | PSR: 0.9230 | Steps: 1000 | Retries: 1652 | eps: 0.360 | EDF: 0.44
Ep  350/1000 | Reward:  845.99 | QoS: 0.955 | Drops:  61 | PSR: 0.9390 | Steps: 1000 | Retries: 763 | eps: 0.349 | EDF: 0.03
Ep  360/1000 | Reward:  720.81 | QoS: 0.959 | Drops:  53 | PSR: 0.9470 | Steps: 1000 | Retries: 1383 | eps: 0.339 | EDF: 0.44
Ep  370/1000 | Reward:  765.32 | QoS: 0.946 | Drops:  72 | PSR: 0.9280 | Steps: 1000 | Retries: 1164 | eps: 0.329 | EDF: 0.23
Ep  380/1000 | Reward:  839.37 | QoS: 0.955 | Drops:  61 | PSR: 0.9390 | Steps: 1000 | Retries: 796 | eps: 0.319 | EDF: 0.06
Ep  390/1000 | Reward:  818.11 | QoS: 0.952 | Drops:  64 | PSR: 0.9360 | Steps: 1000 | Retries: 901 | eps: 0.310 | EDF: 0.12
Ep  400/1000 | Reward:  834.95 | QoS: 0.959 | Drops:  54 | PSR: 0.9460 | Steps: 1000 | Retries: 817 | eps: 0.301 | EDF: 0.13
Ep  410/1000 | Reward:  774.82 | QoS: 0.958 | Drops:  55 | PSR: 0.9450 | Steps: 1000 | Retries: 1115 | eps: 0.292 | EDF: 0.31
Ep  420/1000 | Reward:  865.64 | QoS: 0.966 | Drops:  45 | PSR: 0.9550 | Steps: 1000 | Retries: 664 | eps: 0.283 | EDF: 0.08
Ep  430/1000 | Reward:  816.17 | QoS: 0.963 | Drops:  48 | PSR: 0.9520 | Steps: 1000 | Retries: 910 | eps: 0.275 | EDF: 0.23
Ep  440/1000 | Reward:  563.41 | QoS: 0.951 | Drops:  62 | PSR: 0.9380 | Steps: 1000 | Retries: 2167 | eps: 0.267 | EDF: 0.59
Ep  450/1000 | Reward:  766.22 | QoS: 0.969 | Drops:  39 | PSR: 0.9610 | Steps: 1000 | Retries: 1157 | eps: 0.259 | EDF: 0.39
Ep  460/1000 | Reward:  845.21 | QoS: 0.967 | Drops:  43 | PSR: 0.9570 | Steps: 1000 | Retries: 765 | eps: 0.251 | EDF: 0.18
Ep  470/1000 | Reward:  836.67 | QoS: 0.971 | Drops:  37 | PSR: 0.9630 | Steps: 1000 | Retries: 807 | eps: 0.244 | EDF: 0.22
Ep  480/1000 | Reward:  851.47 | QoS: 0.957 | Drops:  58 | PSR: 0.9420 | Steps: 1000 | Retries: 735 | eps: 0.236 | EDF: 0.04
Ep  490/1000 | Reward:  816.02 | QoS: 0.971 | Drops:  37 | PSR: 0.9630 | Steps: 1000 | Retries: 909 | eps: 0.229 | EDF: 0.28
Ep  500/1000 | Reward:  792.49 | QoS: 0.962 | Drops:  49 | PSR: 0.9510 | Steps: 1000 | Retries: 1027 | eps: 0.223 | EDF: 0.29
Ep  510/1000 | Reward:  762.79 | QoS: 0.974 | Drops:  31 | PSR: 0.9690 | Steps: 1000 | Retries: 1173 | eps: 0.216 | EDF: 0.41
Ep  520/1000 | Reward:  790.00 | QoS: 0.968 | Drops:  41 | PSR: 0.9590 | Steps: 1000 | Retries: 1039 | eps: 0.210 | EDF: 0.31
Ep  530/1000 | Reward:  847.17 | QoS: 0.969 | Drops:  40 | PSR: 0.9600 | Steps: 1000 | Retries: 755 | eps: 0.203 | EDF: 0.22
Ep  540/1000 | Reward:  733.01 | QoS: 0.972 | Drops:  34 | PSR: 0.9660 | Steps: 1000 | Retries: 1321 | eps: 0.197 | EDF: 0.47
Ep  550/1000 | Reward:  830.98 | QoS: 0.975 | Drops:  32 | PSR: 0.9680 | Steps: 1000 | Retries: 835 | eps: 0.192 | EDF: 0.27
Ep  560/1000 | Reward:  844.67 | QoS: 0.980 | Drops:  25 | PSR: 0.9750 | Steps: 1000 | Retries: 766 | eps: 0.186 | EDF: 0.26
Ep  570/1000 | Reward:  814.55 | QoS: 0.981 | Drops:  23 | PSR: 0.9770 | Steps: 1000 | Retries: 916 | eps: 0.180 | EDF: 0.38
Ep  580/1000 | Reward:  700.67 | QoS: 0.975 | Drops:  29 | PSR: 0.9710 | Steps: 1000 | Retries: 1482 | eps: 0.175 | EDF: 0.50
Ep  590/1000 | Reward:  927.83 | QoS: 0.983 | Drops:  21 | PSR: 0.9790 | Steps: 1000 | Retries: 353 | eps: 0.170 | EDF: 0.03
Ep  600/1000 | Reward:  879.39 | QoS: 0.969 | Drops:  40 | PSR: 0.9600 | Steps: 1000 | Retries: 595 | eps: 0.165 | EDF: 0.06
Ep  610/1000 | Reward:  756.67 | QoS: 0.976 | Drops:  29 | PSR: 0.9710 | Steps: 1000 | Retries: 1203 | eps: 0.160 | EDF: 0.45
Ep  620/1000 | Reward:  854.94 | QoS: 0.979 | Drops:  26 | PSR: 0.9740 | Steps: 1000 | Retries: 715 | eps: 0.155 | EDF: 0.25
Ep  630/1000 | Reward: -129.18 | QoS: 0.767 | Drops: 314 | PSR: 0.6860 | Steps: 1000 | Retries: 5631 | eps: 0.151 | EDF: 0.88
Ep  640/1000 | Reward:  870.14 | QoS: 0.981 | Drops:  23 | PSR: 0.9770 | Steps: 1000 | Retries: 640 | eps: 0.146 | EDF: 0.20
Ep  650/1000 | Reward:  898.77 | QoS: 0.980 | Drops:  25 | PSR: 0.9750 | Steps: 1000 | Retries: 497 | eps: 0.142 | EDF: 0.11
Ep  660/1000 | Reward:   43.74 | QoS: 0.829 | Drops: 228 | PSR: 0.7720 | Steps: 1000 | Retries: 4766 | eps: 0.138 | EDF: 0.84
Ep  670/1000 | Reward:  179.05 | QoS: 0.873 | Drops: 167 | PSR: 0.8330 | Steps: 1000 | Retries: 4088 | eps: 0.134 | EDF: 0.81
Ep  680/1000 | Reward:  322.83 | QoS: 0.919 | Drops: 103 | PSR: 0.8970 | Steps: 1000 | Retries: 3368 | eps: 0.130 | EDF: 0.75
Ep  690/1000 | Reward:  888.30 | QoS: 0.982 | Drops:  22 | PSR: 0.9780 | Steps: 1000 | Retries: 550 | eps: 0.126 | EDF: 0.16
Ep  700/1000 | Reward:  842.17 | QoS: 0.983 | Drops:  20 | PSR: 0.9800 | Steps: 1000 | Retries: 777 | eps: 0.122 | EDF: 0.31
Ep  710/1000 | Reward:  842.95 | QoS: 0.978 | Drops:  27 | PSR: 0.9730 | Steps: 1000 | Retries: 774 | eps: 0.118 | EDF: 0.29
Ep  720/1000 | Reward:  842.45 | QoS: 0.979 | Drops:  25 | PSR: 0.9750 | Steps: 1000 | Retries: 776 | eps: 0.115 | EDF: 0.32
Ep  730/1000 | Reward:  394.79 | QoS: 0.936 | Drops:  80 | PSR: 0.9200 | Steps: 1000 | Retries: 3008 | eps: 0.112 | EDF: 0.73
Ep  740/1000 | Reward:  846.46 | QoS: 0.981 | Drops:  23 | PSR: 0.9770 | Steps: 1000 | Retries: 757 | eps: 0.108 | EDF: 0.28
Ep  750/1000 | Reward:  670.98 | QoS: 0.977 | Drops:  25 | PSR: 0.9750 | Steps: 1000 | Retries: 1629 | eps: 0.105 | EDF: 0.57
Ep  760/1000 | Reward:  921.97 | QoS: 0.983 | Drops:  21 | PSR: 0.9790 | Steps: 1000 | Retries: 383 | eps: 0.102 | EDF: 0.02
Ep  770/1000 | Reward: -125.68 | QoS: 0.753 | Drops: 334 | PSR: 0.6660 | Steps: 1000 | Retries: 5614 | eps: 0.099 | EDF: 0.89
Ep  780/1000 | Reward:  898.74 | QoS: 0.988 | Drops:  14 | PSR: 0.9860 | Steps: 1000 | Retries: 497 | eps: 0.096 | EDF: 0.17
Ep  790/1000 | Reward:  475.20 | QoS: 0.952 | Drops:  59 | PSR: 0.9410 | Steps: 1000 | Retries: 2606 | eps: 0.093 | EDF: 0.70
Ep  800/1000 | Reward:  802.26 | QoS: 0.987 | Drops:  13 | PSR: 0.9870 | Steps: 1000 | Retries: 974 | eps: 0.090 | EDF: 0.43
Ep  810/1000 | Reward:  483.96 | QoS: 0.961 | Drops:  46 | PSR: 0.9540 | Steps: 1000 | Retries: 2562 | eps: 0.088 | EDF: 0.70
Ep  820/1000 | Reward:  911.11 | QoS: 0.985 | Drops:  18 | PSR: 0.9820 | Steps: 1000 | Retries: 435 | eps: 0.085 | EDF: 0.12
Ep  830/1000 | Reward:  779.88 | QoS: 0.985 | Drops:  16 | PSR: 0.9840 | Steps: 1000 | Retries: 1086 | eps: 0.083 | EDF: 0.46
Ep  840/1000 | Reward:   70.60 | QoS: 0.851 | Drops: 198 | PSR: 0.8020 | Steps: 1000 | Retries: 4633 | eps: 0.080 | EDF: 0.82
Ep  850/1000 | Reward:  -44.48 | QoS: 0.799 | Drops: 270 | PSR: 0.7300 | Steps: 1000 | Retries: 5207 | eps: 0.078 | EDF: 0.87
Ep  860/1000 | Reward:  -21.93 | QoS: 0.801 | Drops: 267 | PSR: 0.7330 | Steps: 1000 | Retries: 5094 | eps: 0.075 | EDF: 0.85
Ep  870/1000 | Reward:  820.42 | QoS: 0.985 | Drops:  17 | PSR: 0.9830 | Steps: 1000 | Retries: 885 | eps: 0.073 | EDF: 0.41
Ep  880/1000 | Reward:  416.80 | QoS: 0.945 | Drops:  67 | PSR: 0.9330 | Steps: 1000 | Retries: 2897 | eps: 0.071 | EDF: 0.74
Ep  890/1000 | Reward:  955.10 | QoS: 0.994 | Drops:   6 | PSR: 0.9940 | Steps: 1000 | Retries: 217 | eps: 0.069 | EDF: 0.03
Ep  900/1000 | Reward:  907.42 | QoS: 0.986 | Drops:  16 | PSR: 0.9840 | Steps: 1000 | Retries: 453 | eps: 0.067 | EDF: 0.15
Ep  910/1000 | Reward:  405.24 | QoS: 0.939 | Drops:  76 | PSR: 0.9240 | Steps: 1000 | Retries: 2957 | eps: 0.065 | EDF: 0.73
Ep  920/1000 | Reward:  844.88 | QoS: 0.986 | Drops:  16 | PSR: 0.9840 | Steps: 1000 | Retries: 764 | eps: 0.063 | EDF: 0.33
Ep  930/1000 | Reward:  566.40 | QoS: 0.974 | Drops:  28 | PSR: 0.9720 | Steps: 1000 | Retries: 2150 | eps: 0.061 | EDF: 0.65
Ep  940/1000 | Reward:  900.90 | QoS: 0.990 | Drops:  11 | PSR: 0.9890 | Steps: 1000 | Retries: 485 | eps: 0.059 | EDF: 0.22
Ep  950/1000 | Reward:  958.93 | QoS: 0.993 | Drops:   7 | PSR: 0.9930 | Steps: 1000 | Retries: 198 | eps: 0.058 | EDF: 0.01
Ep  960/1000 | Reward:  901.28 | QoS: 0.990 | Drops:  10 | PSR: 0.9900 | Steps: 1000 | Retries: 482 | eps: 0.056 | EDF: 0.23
Ep  970/1000 | Reward:  875.73 | QoS: 0.993 | Drops:   7 | PSR: 0.9930 | Steps: 1000 | Retries: 611 | eps: 0.054 | EDF: 0.29
Ep  980/1000 | Reward:  770.08 | QoS: 0.988 | Drops:  11 | PSR: 0.9890 | Steps: 1000 | Retries: 1135 | eps: 0.053 | EDF: 0.49
Ep  990/1000 | Reward:  842.56 | QoS: 0.992 | Drops:   7 | PSR: 0.9930 | Steps: 1000 | Retries: 775 | eps: 0.051 | EDF: 0.38
Ep 1000/1000 | Reward:  724.58 | QoS: 0.988 | Drops:  11 | PSR: 0.9890 | Steps: 1000 | Retries: 1363 | eps: 0.050 | EDF: 0.54

Training selesai!
  PTH : models\wsn_dqn_E1000_T1000_20260526_084130.pth
  CSV : logs\train_log_wsn_dqn_E1000_T1000_20260526_084130.csv
  PNG : results\plot_wsn_dqn_E1000_T1000_20260526_084130.png

[Done] exited with code=0 in 1641.713 seconds

