[Running] python -u "d:\UGM\TA\AdaptiveQoS\main-rl.py"
WSN Environment Initialized.
State Dimension : 7  (termasuk EDF)
Action Dimension: 15
EDF Strategy    : curriculum
Training for 500 episodes...

Ep   10/500 | Reward:  627.71 | QoS: 0.883 | Drops: 161 | PSR: 0.8390 | Steps: 1000 | Retries: 1855 | eps: 0.970 | EDF: 0.09
Ep   20/500 | Reward:  627.16 | QoS: 0.881 | Drops: 163 | PSR: 0.8370 | Steps: 1000 | Retries: 1858 | eps: 0.942 | EDF: 0.03
Ep   30/500 | Reward:  590.22 | QoS: 0.885 | Drops: 157 | PSR: 0.8430 | Steps: 1000 | Retries: 2041 | eps: 0.914 | EDF: 0.22
Ep   40/500 | Reward:  566.98 | QoS: 0.871 | Drops: 177 | PSR: 0.8230 | Steps: 1000 | Retries: 2158 | eps: 0.887 | EDF: 0.14
Ep   50/500 | Reward:  625.75 | QoS: 0.889 | Drops: 152 | PSR: 0.8480 | Steps: 1000 | Retries: 1864 | eps: 0.861 | EDF: 0.16
Ep   60/500 | Reward:  575.62 | QoS: 0.880 | Drops: 164 | PSR: 0.8360 | Steps: 1000 | Retries: 2114 | eps: 0.835 | EDF: 0.23
Ep   70/500 | Reward:  639.02 | QoS: 0.888 | Drops: 154 | PSR: 0.8460 | Steps: 1000 | Retries: 1798 | eps: 0.810 | EDF: 0.13
Ep   80/500 | Reward:  589.15 | QoS: 0.886 | Drops: 156 | PSR: 0.8440 | Steps: 1000 | Retries: 2046 | eps: 0.786 | EDF: 0.27
Ep   90/500 | Reward:  655.41 | QoS: 0.902 | Drops: 133 | PSR: 0.8670 | Steps: 1000 | Retries: 1715 | eps: 0.763 | EDF: 0.17
Ep  100/500 | Reward:  642.92 | QoS: 0.895 | Drops: 143 | PSR: 0.8570 | Steps: 1000 | Retries: 1778 | eps: 0.740 | EDF: 0.13
Ep  110/500 | Reward:  735.93 | QoS: 0.916 | Drops: 114 | PSR: 0.8860 | Steps: 1000 | Retries: 1314 | eps: 0.719 | EDF: 0.00
Ep  120/500 | Reward:  639.03 | QoS: 0.896 | Drops: 142 | PSR: 0.8580 | Steps: 1000 | Retries: 1797 | eps: 0.697 | EDF: 0.20
Ep  130/500 | Reward:  678.59 | QoS: 0.918 | Drops: 111 | PSR: 0.8890 | Steps: 1000 | Retries: 1598 | eps: 0.677 | EDF: 0.25
Ep  140/500 | Reward:  727.34 | QoS: 0.912 | Drops: 120 | PSR: 0.8800 | Steps: 1000 | Retries: 1357 | eps: 0.657 | EDF: 0.01
Ep  150/500 | Reward:  754.38 | QoS: 0.924 | Drops: 103 | PSR: 0.8970 | Steps: 1000 | Retries: 1221 | eps: 0.637 | EDF: 0.06
Ep  160/500 | Reward:  726.96 | QoS: 0.919 | Drops: 110 | PSR: 0.8900 | Steps: 1000 | Retries: 1358 | eps: 0.618 | EDF: 0.08
Ep  170/500 | Reward:  747.39 | QoS: 0.931 | Drops:  94 | PSR: 0.9060 | Steps: 1000 | Retries: 1255 | eps: 0.600 | EDF: 0.15
Ep  180/500 | Reward:  701.15 | QoS: 0.908 | Drops: 126 | PSR: 0.8740 | Steps: 1000 | Retries: 1487 | eps: 0.582 | EDF: 0.07
Ep  190/500 | Reward:  705.57 | QoS: 0.928 | Drops:  97 | PSR: 0.9030 | Steps: 1000 | Retries: 1463 | eps: 0.565 | EDF: 0.22
Ep  200/500 | Reward:  751.56 | QoS: 0.926 | Drops: 101 | PSR: 0.8990 | Steps: 1000 | Retries: 1235 | eps: 0.548 | EDF: 0.09
Ep  210/500 | Reward:  728.88 | QoS: 0.920 | Drops: 109 | PSR: 0.8910 | Steps: 1000 | Retries: 1348 | eps: 0.532 | EDF: 0.10
Ep  220/500 | Reward:  753.06 | QoS: 0.934 | Drops:  89 | PSR: 0.9110 | Steps: 1000 | Retries: 1227 | eps: 0.516 | EDF: 0.12
Ep  230/500 | Reward:  803.62 | QoS: 0.941 | Drops:  80 | PSR: 0.9200 | Steps: 1000 | Retries: 975 | eps: 0.501 | EDF: 0.03
Ep  240/500 | Reward:  794.63 | QoS: 0.940 | Drops:  81 | PSR: 0.9190 | Steps: 1000 | Retries: 1020 | eps: 0.486 | EDF: 0.02
Ep  250/500 | Reward:  745.93 | QoS: 0.935 | Drops:  88 | PSR: 0.9120 | Steps: 1000 | Retries: 1262 | eps: 0.472 | EDF: 0.19
Ep  260/500 | Reward:  771.91 | QoS: 0.942 | Drops:  78 | PSR: 0.9220 | Steps: 1000 | Retries: 1132 | eps: 0.458 | EDF: 0.19
Ep  270/500 | Reward:  736.51 | QoS: 0.939 | Drops:  82 | PSR: 0.9180 | Steps: 1000 | Retries: 1308 | eps: 0.444 | EDF: 0.26
Ep  280/500 | Reward:  814.88 | QoS: 0.948 | Drops:  70 | PSR: 0.9300 | Steps: 1000 | Retries: 918 | eps: 0.431 | EDF: 0.09
Ep  290/500 | Reward:  793.16 | QoS: 0.941 | Drops:  80 | PSR: 0.9200 | Steps: 1000 | Retries: 1027 | eps: 0.418 | EDF: 0.07
Ep  300/500 | Reward:  785.81 | QoS: 0.943 | Drops:  77 | PSR: 0.9230 | Steps: 1000 | Retries: 1063 | eps: 0.406 | EDF: 0.17
Ep  310/500 | Reward:  774.72 | QoS: 0.952 | Drops:  64 | PSR: 0.9360 | Steps: 1000 | Retries: 1117 | eps: 0.394 | EDF: 0.25
Ep  320/500 | Reward:  835.91 | QoS: 0.955 | Drops:  60 | PSR: 0.9400 | Steps: 1000 | Retries: 813 | eps: 0.382 | EDF: 0.07
Ep  330/500 | Reward:  747.48 | QoS: 0.944 | Drops:  75 | PSR: 0.9250 | Steps: 1000 | Retries: 1253 | eps: 0.371 | EDF: 0.28
Ep  340/500 | Reward:  681.39 | QoS: 0.944 | Drops:  74 | PSR: 0.9260 | Steps: 1000 | Retries: 1581 | eps: 0.360 | EDF: 0.44
Ep  350/500 | Reward:  837.10 | QoS: 0.949 | Drops:  69 | PSR: 0.9310 | Steps: 1000 | Retries: 808 | eps: 0.349 | EDF: 0.03
Ep  360/500 | Reward:  702.29 | QoS: 0.957 | Drops:  55 | PSR: 0.9450 | Steps: 1000 | Retries: 1476 | eps: 0.339 | EDF: 0.44
Ep  370/500 | Reward:  787.11 | QoS: 0.954 | Drops:  61 | PSR: 0.9390 | Steps: 1000 | Retries: 1055 | eps: 0.329 | EDF: 0.23
Ep  380/500 | Reward:  861.84 | QoS: 0.962 | Drops:  50 | PSR: 0.9500 | Steps: 1000 | Retries: 683 | eps: 0.319 | EDF: 0.06
Ep  390/500 | Reward:  840.48 | QoS: 0.964 | Drops:  48 | PSR: 0.9520 | Steps: 1000 | Retries: 789 | eps: 0.310 | EDF: 0.12
Ep  400/500 | Reward:  867.47 | QoS: 0.970 | Drops:  39 | PSR: 0.9610 | Steps: 1000 | Retries: 654 | eps: 0.301 | EDF: 0.13
Ep  410/500 | Reward:  795.88 | QoS: 0.967 | Drops:  42 | PSR: 0.9580 | Steps: 1000 | Retries: 1010 | eps: 0.292 | EDF: 0.31
Ep  420/500 | Reward:  851.68 | QoS: 0.961 | Drops:  52 | PSR: 0.9480 | Steps: 1000 | Retries: 734 | eps: 0.283 | EDF: 0.08
Ep  430/500 | Reward:  805.32 | QoS: 0.958 | Drops:  56 | PSR: 0.9440 | Steps: 1000 | Retries: 964 | eps: 0.275 | EDF: 0.23
Ep  440/500 | Reward:  588.26 | QoS: 0.952 | Drops:  60 | PSR: 0.9400 | Steps: 1000 | Retries: 2043 | eps: 0.267 | EDF: 0.59
Ep  450/500 | Reward:  737.65 | QoS: 0.962 | Drops:  49 | PSR: 0.9510 | Steps: 1000 | Retries: 1300 | eps: 0.259 | EDF: 0.39
Ep  460/500 | Reward:  830.62 | QoS: 0.964 | Drops:  47 | PSR: 0.9530 | Steps: 1000 | Retries: 838 | eps: 0.251 | EDF: 0.18
Ep  470/500 | Reward:  817.99 | QoS: 0.964 | Drops:  47 | PSR: 0.9530 | Steps: 1000 | Retries: 900 | eps: 0.244 | EDF: 0.22
Ep  480/500 | Reward:  880.51 | QoS: 0.967 | Drops:  43 | PSR: 0.9570 | Steps: 1000 | Retries: 590 | eps: 0.236 | EDF: 0.04
Ep  490/500 | Reward:  797.58 | QoS: 0.964 | Drops:  47 | PSR: 0.9530 | Steps: 1000 | Retries: 1002 | eps: 0.229 | EDF: 0.28
Ep  500/500 | Reward:  841.06 | QoS: 0.980 | Drops:  25 | PSR: 0.9750 | Steps: 1000 | Retries: 784 | eps: 0.223 | EDF: 0.29

Training selesai!
  PTH : models\wsn_dqn_E500_T1000_20260526_082639.pth
  CSV : logs\train_log_wsn_dqn_E500_T1000_20260526_082639.csv
  PNG : results\plot_wsn_dqn_E500_T1000_20260526_082639.png

[Done] exited with code=0 in 718.119 seconds

